<?xml version="1.0" encoding="UTF-8"?>
<!-- Generated by org.testng.reporters.JUnitXMLReporter -->
<testsuite hostname="Prems-MacBook-Pro.local" ignored="0" name="AppiumDemo" tests="1" failures="0" timestamp="02 Mar 2020 20:58:59 GMT" time="38001.81" errors="0">
  <testcase name="@AfterTest teardown" time="5.495" classname="tests.BaseClass">
    <failure type="org.openqa.selenium.NoSuchSessionException" message="A session is either terminated or not started
Build info: version: &amp;apos;3.141.59&amp;apos;, revision: &amp;apos;e82be7d358&amp;apos;, time: &amp;apos;2018-11-14T08:17:03&amp;apos;
System info: host: &amp;apos;Prems-MacBook-Pro.local&amp;apos;, ip: &amp;apos;fe80:0:0:0:1ced:b0ff:feee:11a6%9&amp;apos;, os.name: &amp;apos;Mac OS X&amp;apos;, os.arch: &amp;apos;x86_64&amp;apos;, os.version: &amp;apos;10.14.5&amp;apos;, java.version: &amp;apos;1.8.0_144&amp;apos;
Driver info: io.appium.java_client.AppiumDriver
Capabilities {appActivity: com.amazon.mShop.splashscre..., appPackage: com.amazon.mShop.android.sh..., databaseEnabled: false, desired: {appActivity: com.amazon.mShop.splashscre..., appPackage: com.amazon.mShop.android.sh..., deviceName: Redmi 6 Pro, newCommandTimeout: 60, noReset: false, platformName: android, platformVersion: 8.1.0, udid: 28d7f0ff0205}, deviceApiLevel: 27, deviceManufacturer: Xiaomi, deviceModel: Redmi 6 Pro, deviceName: 28d7f0ff0205, deviceScreenDensity: 440, deviceScreenSize: 1080x2280, deviceUDID: 28d7f0ff0205, javascriptEnabled: true, locationContextEnabled: false, networkConnectionEnabled: true, newCommandTimeout: 60, noReset: false, pixelRatio: 2.75, platform: LINUX, platformName: LINUX, platformVersion: 8.1.0, statBarHeight: 110, takesScreenshot: true, udid: 28d7f0ff0205, viewportRect: {height: 2040, left: 0, top: 110, width: 1080}, warnings: {}, webStorageEnabled: false}
Session ID: eab28b70-7a2b-4eba-bae6-2d336a39c192">
      <![CDATA[org.openqa.selenium.NoSuchSessionException: A session is either terminated or not started
Build info: version: '3.141.59', revision: 'e82be7d358', time: '2018-11-14T08:17:03'
System info: host: 'Prems-MacBook-Pro.local', ip: 'fe80:0:0:0:1ced:b0ff:feee:11a6%9', os.name: 'Mac OS X', os.arch: 'x86_64', os.version: '10.14.5', java.version: '1.8.0_144'
Driver info: io.appium.java_client.AppiumDriver
Capabilities {appActivity: com.amazon.mShop.splashscre..., appPackage: com.amazon.mShop.android.sh..., databaseEnabled: false, desired: {appActivity: com.amazon.mShop.splashscre..., appPackage: com.amazon.mShop.android.sh..., deviceName: Redmi 6 Pro, newCommandTimeout: 60, noReset: false, platformName: android, platformVersion: 8.1.0, udid: 28d7f0ff0205}, deviceApiLevel: 27, deviceManufacturer: Xiaomi, deviceModel: Redmi 6 Pro, deviceName: 28d7f0ff0205, deviceScreenDensity: 440, deviceScreenSize: 1080x2280, deviceUDID: 28d7f0ff0205, javascriptEnabled: true, locationContextEnabled: false, networkConnectionEnabled: true, newCommandTimeout: 60, noReset: false, pixelRatio: 2.75, platform: LINUX, platformName: LINUX, platformVersion: 8.1.0, statBarHeight: 110, takesScreenshot: true, udid: 28d7f0ff0205, viewportRect: {height: 2040, left: 0, top: 110, width: 1080}, warnings: {}, webStorageEnabled: false}
Session ID: eab28b70-7a2b-4eba-bae6-2d336a39c192
at org.openqa.selenium.remote.http.W3CHttpResponseCodec.createException(W3CHttpResponseCodec.java:187)
at org.openqa.selenium.remote.http.W3CHttpResponseCodec.decode(W3CHttpResponseCodec.java:122)
at org.openqa.selenium.remote.http.W3CHttpResponseCodec.decode(W3CHttpResponseCodec.java:49)
at org.openqa.selenium.remote.HttpCommandExecutor.execute(HttpCommandExecutor.java:158)
at io.appium.java_client.remote.AppiumCommandExecutor.execute(AppiumCommandExecutor.java:239)
at org.openqa.selenium.remote.RemoteWebDriver.execute(RemoteWebDriver.java:552)
at io.appium.java_client.DefaultGenericMobileDriver.execute(DefaultGenericMobileDriver.java:46)
at io.appium.java_client.AppiumDriver.execute(AppiumDriver.java:1)
at org.openqa.selenium.remote.RemoteWebDriver.quit(RemoteWebDriver.java:452)
at tests.BaseClass.teardown(BaseClass.java:58)
at com.intellij.rt.testng.IDEARemoteTestNG.run(IDEARemoteTestNG.java:66)
at com.intellij.rt.testng.RemoteTestNGStarter.main(RemoteTestNGStarter.java:110)
... Removed 25 stack frames]]>
    </failure>
  </testcase> <!-- @AfterTest teardown -->
  <testcase name="testOne" time="37977.1" classname="tests.AmazonTest"/>
</testsuite> <!-- AppiumDemo -->
